2017-10-21 17:21:11,183 utile.py - [line:61] - list  INFO - sql list:select * from mylist
2017-10-21 17:21:30,562 utile.py - [line:61] - list  INFO - sql list:select * from mylist
2017-10-21 17:21:46,634 utile.py - [line:61] - list  INFO - sql list:select * from mylist
2017-10-21 17:21:48,711 utile.py - [line:61] - list  INFO - sql list:select * from mylist
2017-10-21 17:21:48,711 utile.py - [line:61] - list  INFO - sql list:select * from mylist
2017-10-21 17:21:50,648 utile.py - [line:30] - getone  INFO - sql getone:select * from mylist where username="lhs"; 
2017-10-21 17:21:50,648 utile.py - [line:30] - getone  INFO - sql getone:select * from mylist where username="lhs"; 
2017-10-21 17:21:50,648 utile.py - [line:30] - getone  INFO - sql getone:select * from mylist where username="lhs"; 
2017-10-21 17:21:52,421 utile.py - [line:61] - list  INFO - sql list:select * from machine
2017-10-21 17:21:52,421 utile.py - [line:61] - list  INFO - sql list:select * from machine
2017-10-21 17:21:52,421 utile.py - [line:61] - list  INFO - sql list:select * from machine
2017-10-21 17:21:52,421 utile.py - [line:61] - list  INFO - sql list:select * from machine
2017-10-21 17:21:55,595 utile.py - [line:61] - list  INFO - sql list:select * from cbten
2017-10-21 17:21:55,595 utile.py - [line:61] - list  INFO - sql list:select * from cbten
2017-10-21 17:21:55,595 utile.py - [line:61] - list  INFO - sql list:select * from cbten
2017-10-21 17:21:55,595 utile.py - [line:61] - list  INFO - sql list:select * from cbten
2017-10-21 17:21:55,595 utile.py - [line:61] - list  INFO - sql list:select * from cbten
2017-10-21 17:21:55,631 utile.py - [line:61] - list  INFO - sql list:select * from machine
2017-10-21 17:21:55,631 utile.py - [line:61] - list  INFO - sql list:select * from machine
2017-10-21 17:21:55,631 utile.py - [line:61] - list  INFO - sql list:select * from machine
2017-10-21 17:21:55,631 utile.py - [line:61] - list  INFO - sql list:select * from machine
2017-10-21 17:21:55,631 utile.py - [line:61] - list  INFO - sql list:select * from machine
2017-10-21 17:21:55,631 utile.py - [line:61] - list  INFO - sql list:select * from machine
2017-10-21 17:21:57,438 utile.py - [line:61] - list  INFO - sql list:select * from machine
2017-10-21 17:21:57,438 utile.py - [line:61] - list  INFO - sql list:select * from machine
2017-10-21 17:21:57,438 utile.py - [line:61] - list  INFO - sql list:select * from machine
2017-10-21 17:21:57,438 utile.py - [line:61] - list  INFO - sql list:select * from machine
2017-10-21 17:21:57,438 utile.py - [line:61] - list  INFO - sql list:select * from machine
2017-10-21 17:21:57,438 utile.py - [line:61] - list  INFO - sql list:select * from machine
2017-10-21 17:21:57,438 utile.py - [line:61] - list  INFO - sql list:select * from machine
2017-10-21 17:21:57,443 utile.py - [line:61] - list  INFO - sql list:select * from cbten
2017-10-21 17:21:57,443 utile.py - [line:61] - list  INFO - sql list:select * from cbten
2017-10-21 17:21:57,443 utile.py - [line:61] - list  INFO - sql list:select * from cbten
2017-10-21 17:21:57,443 utile.py - [line:61] - list  INFO - sql list:select * from cbten
2017-10-21 17:21:57,443 utile.py - [line:61] - list  INFO - sql list:select * from cbten
2017-10-21 17:21:57,443 utile.py - [line:61] - list  INFO - sql list:select * from cbten
2017-10-21 17:21:57,443 utile.py - [line:61] - list  INFO - sql list:select * from cbten
2017-10-21 17:21:57,443 utile.py - [line:61] - list  INFO - sql list:select * from cbten
2017-10-21 17:21:57,446 utile.py - [line:61] - list  INFO - sql list:select * from server
2017-10-21 17:21:57,446 utile.py - [line:61] - list  INFO - sql list:select * from server
2017-10-21 17:21:57,446 utile.py - [line:61] - list  INFO - sql list:select * from server
2017-10-21 17:21:57,446 utile.py - [line:61] - list  INFO - sql list:select * from server
2017-10-21 17:21:57,446 utile.py - [line:61] - list  INFO - sql list:select * from server
2017-10-21 17:21:57,446 utile.py - [line:61] - list  INFO - sql list:select * from server
2017-10-21 17:21:57,446 utile.py - [line:61] - list  INFO - sql list:select * from server
2017-10-21 17:21:57,446 utile.py - [line:61] - list  INFO - sql list:select * from server
2017-10-21 17:21:57,446 utile.py - [line:61] - list  INFO - sql list:select * from server
2017-10-21 17:23:59,717 utile.py - [line:61] - list  INFO - sql list:select * from machine
2017-10-21 17:23:59,720 utile.py - [line:61] - list  INFO - sql list:select * from cbten
2017-10-21 17:23:59,720 utile.py - [line:61] - list  INFO - sql list:select * from cbten
2017-10-21 17:23:59,723 utile.py - [line:61] - list  INFO - sql list:select * from server
2017-10-21 17:23:59,723 utile.py - [line:61] - list  INFO - sql list:select * from server
2017-10-21 17:23:59,723 utile.py - [line:61] - list  INFO - sql list:select * from server
2017-10-21 17:24:28,253 utile.py - [line:61] - list  INFO - sql list:select * from job
2017-10-21 17:24:28,253 utile.py - [line:61] - list  INFO - sql list:select * from job
2017-10-21 17:24:28,253 utile.py - [line:61] - list  INFO - sql list:select * from job
2017-10-21 17:24:28,253 utile.py - [line:61] - list  INFO - sql list:select * from job
2017-10-21 17:24:30,405 utile.py - [line:61] - list  INFO - sql list:select * from job
2017-10-21 17:24:30,405 utile.py - [line:61] - list  INFO - sql list:select * from job
2017-10-21 17:24:30,405 utile.py - [line:61] - list  INFO - sql list:select * from job
2017-10-21 17:24:30,405 utile.py - [line:61] - list  INFO - sql list:select * from job
2017-10-21 17:24:30,405 utile.py - [line:61] - list  INFO - sql list:select * from job
